commit b3c56bac07db874931ef4e64bf1ebe88a64a1631
Author: GreenTheSnail <soshkovladislav@gmail.com>
Date:   Fri Nov 27 18:36:49 2020 +0100

    rdy

commit 9a215aa34345dfb80935889aa14558f28f663a12
Author: GreenTheSnail <soshkovladislav@gmail.com>
Date:   Thu Nov 26 22:14:02 2020 +0100

    finale

commit ea410360a9a5fd959f89a2de9026f384ad843640
Author: GreenTheSnail <soshkovladislav@gmail.com>
Date:   Thu Nov 26 22:08:39 2020 +0100

    d

commit 0477e1226870fd2571fd21929f67417dc5694b0f
Author: GreenTheSnail <soshkovladislav@gmail.com>
Date:   Thu Nov 26 21:54:59 2020 +0100

    finale

commit 036af0b2c9c01e703f072f24a5f0df55cb067755
Author: GreenTheSnail <soshkovladislav@gmail.com>
Date:   Thu Nov 26 21:33:38 2020 +0100

    bullet

commit 9f06beecb8e1c66ac2f93ea389c6e04b744c26db
Author: GreenTheSnail <soshkovladislav@gmail.com>
Date:   Mon Nov 23 00:43:01 2020 +0100

    lil graph

commit 3d60835652a9dd35e8d44d1f9d6a5fe923bd7eab
Author: GreenTheSnail <soshkovladislav@gmail.com>
Date:   Sun Nov 22 19:40:28 2020 +0100

    reset

commit 34a4b731c67a91c32def150582166cfd90cd33d8
Author: GreenTheSnail <soshkovladislav@gmail.com>
Date:   Sun Nov 22 17:43:47 2020 +0100

    check box to list

commit 037e506c194fb47224a01dc396039f1915f2f605
Author: GreenTheSnail <soshkovladislav@gmail.com>
Date:   Sat Nov 21 18:01:28 2020 +0100

    final rake data

commit 0e99a1b7eb2263b2036241337c0416c59e043585
Author: GreenTheSnail <soshkovladislav@gmail.com>
Date:   Sat Nov 21 17:43:49 2020 +0100

    Update fakedata.rake

commit a8e5e0e897cffff4fb33d5db310751c6ee4ca46a
Author: GreenTheSnail <soshkovladislav@gmail.com>
Date:   Sat Nov 21 14:04:32 2020 +0100

    Create fakedata.rake

commit 910c522cffded23ca2797b6bb4b52e8004522a39
Author: GreenTheSnail <soshkovladislav@gmail.com>
Date:   Sat Nov 21 11:17:51 2020 +0100

    before test

commit 872df839dc2d2c90294c139333303f8bc8ddd64f
Author: GreenTheSnail <soshkovladislav@gmail.com>
Date:   Fri Nov 20 22:00:04 2020 +0100

    tags del

commit e5cc69b823ca53a0fb04a4ab2c70c34f1f146a2d
Author: GreenTheSnail <soshkovladislav@gmail.com>
Date:   Fri Nov 20 19:53:47 2020 +0100

    tag show

commit d35e8d5bac1c30c348882b0b6f9e9247f5fdb52b
Author: GreenTheSnail <soshkovladislav@gmail.com>
Date:   Fri Nov 20 19:23:15 2020 +0100

    test data

commit dba087b3aa183f09cf863027e04e7eefb475ffab
Author: GreenTheSnail <soshkovladislav@gmail.com>
Date:   Fri Nov 20 18:45:56 2020 +0100

    micro change

commit e1de1c7571c05e2be968c8876bb3145d751b876a
Author: Vasyl Maksymov <vasyl.maksymov@terracycle.com>
Date:   Thu Nov 19 22:30:47 2020 +0200

    changes

commit cdab2bcd7cecf29a9261fab28b57ad8f2dce9289
Author: GreenTheSnail <soshkovladislav@gmail.com>
Date:   Thu Nov 12 17:07:44 2020 +0100

    last change

commit 529b55fade20331e804054f949c1a073f366ef59
Author: Vladislav <soshkovladislav@gmail.com>
Date:   Fri Sep 25 09:22:05 2020 +0200

    project
